{"status":500,"message":"NEW ERRRORRR","level":"error"}
{"status":500,"message":"ERRRORORORORORORORO","level":"error"}
{"status":500,"message":"NEW ERRRORRR","level":"error"}
{"status":500,"message":"ERRRORORORORORORORO","level":"error"}
{"level":"error","message":"undefined"}
{"level":"error","message":"undefined"}
{"status":500,"message":"ERRRORORORORORORORO","level":"error"}
{"level":"error","message":"undefined"}
{"level":"error","message":"undefined"}
{"level":"error","message":"undefined"}
{"level":"error","message":"undefined"}
{"status":500,"message":"usersService.getUserById is not a function","level":"error"}
{"status":500,"message":"usersService.getUserById is not a function","level":"error"}
{"status":500,"message":"usersService.getUserById is not a function","level":"error"}
{"status":500,"message":"usersService.getUserById is not a function","level":"error"}
{"status":500,"message":"usersService.getUserById is not a function","level":"error"}
{"status":500,"message":"usersService.getUserById is not a function","level":"error"}
{"status":500,"message":"NEW ERRRORRR","level":"error"}
{"message":"[object Object]","level":"error"}
{"status":500,"message":"user not found","level":"error"}
{"status":500,"message":"Bad Request","level":"error"}
{"status":500,"message":"user-not-found","level":"error"}
{"statusCode":404,"message":"USER_NOT_FOUND","level":"error"}
{"statusCode":404,"message":"USER_NOT_FOUND","level":"error"}
