"{url: /boards, query: {}, body: {"title":"Autotest board","columns":[{"title":"Backlog","order":1},{"title":"Sprint","order":2}]}}"
"{url: /boards, query: {}, body: {"title":"Autotest board","columns":[{"title":"Backlog","order":1},{"title":"Sprint","order":2}]}}"
"{url: /boards, query: {}, body: {}}"
"{url: /boards/9902dc70-04a4-44bf-b259-9ac9c4b5720c/tasks, query: {}, body: {"title":"Autotest task","order":0,"description":"Lorem ipsum","userId":null,"boardId":null,"columnId":null}}"
"{url: /boards, query: {}, body: {}}"
"{url: /boards/9902dc70-04a4-44bf-b259-9ac9c4b5720c/tasks, query: {}, body: {}}"
"{url: /boards/c05ab52a-5160-4d04-86b9-d6d67b9cc418, query: {}, body: {}}"
"{url: /boards, query: {}, body: {"title":"Autotest board","columns":[{"title":"Backlog","order":1},{"title":"Sprint","order":2}]}}"
"{url: /boards/9902dc70-04a4-44bf-b259-9ac9c4b5720c/tasks, query: {}, body: {}}"
"{url: /boards, query: {}, body: {"title":"Autotest board","columns":[{"title":"Backlog","order":1},{"title":"Sprint","order":2}]}}"
"{url: /boards/1/tasks/2fa65e57-3002-43a7-9301-0192c7048a69, query: {}, body: {}}"
"{url: /boards/dd13cb95-53b7-4c29-96ba-ba471c4c1353, query: {}, body: {"id":"dd13cb95-53b7-4c29-96ba-ba471c4c1353","title":"Autotest updated board","columns":[{"title":"Backlog","order":1},{"title":"Sprint","order":2}]}}"
"{url: /users, query: {}, body: {}}"
"{url: /boards/dd13cb95-53b7-4c29-96ba-ba471c4c1353, query: {}, body: {}}"
"{url: /boards/9902dc70-04a4-44bf-b259-9ac9c4b5720c/tasks, query: {}, body: {"title":"Autotest task","order":0,"description":"Lorem ipsum","userId":null,"boardId":null,"columnId":null}}"
"{url: /boards/dd13cb95-53b7-4c29-96ba-ba471c4c1353, query: {}, body: {}}"
"{url: /boards, query: {}, body: {}}"
"{url: /boards/9902dc70-04a4-44bf-b259-9ac9c4b5720c/tasks, query: {}, body: {"title":"Autotest task","order":0,"description":"Lorem ipsum","userId":null,"boardId":null,"columnId":null}}"
"{url: /users, query: {}, body: {}}"
"{url: /boards/c05ab52a-5160-4d04-86b9-d6d67b9cc418, query: {}, body: {}}"
"{url: /boards/null/tasks/c9228fbd-875c-4843-8263-0bcecfd24e4f, query: {}, body: {"id":"c9228fbd-875c-4843-8263-0bcecfd24e4f","title":"Autotest updated task","order":0,"description":"Lorem ipsum","userId":null,"boardId":null,"columnId":null}}"
"{url: /users/96250230-5a0e-4f60-9121-2b5826279b04, query: {}, body: {}}"
"{url: /boards/c05ab52a-5160-4d04-86b9-d6d67b9cc418, query: {}, body: {}}"
"{url: /boards/null/tasks/c9228fbd-875c-4843-8263-0bcecfd24e4f, query: {}, body: {}}"
"{url: /users, query: {}, body: {"name":"TEST_USER","login":"test_user","password":"T35t_P@55w0rd"}}"
"{url: /boards, query: {}, body: {"title":"Autotest board","columns":[{"title":"Backlog","order":1},{"title":"Sprint","order":2}]}}"
"{url: /boards/9902dc70-04a4-44bf-b259-9ac9c4b5720c/tasks/1e57045a-f664-4c33-a238-1a9db4a74936, query: {}, body: {}}"
"{url: /boards/e5aa9156-c4b4-4a49-a4e2-85f94faec34e/tasks, query: {}, body: {"title":"Task #1","order":1,"description":"Lorem ipsum","boardId":"e5aa9156-c4b4-4a49-a4e2-85f94faec34e","userId":null,"columnId":null}}"
"{url: /boards/e5aa9156-c4b4-4a49-a4e2-85f94faec34e/tasks, query: {}, body: {"title":"Task #3","order":3,"description":"Lorem ipsum","boardId":"e5aa9156-c4b4-4a49-a4e2-85f94faec34e","userId":null,"columnId":null}}"
"{url: /boards/e5aa9156-c4b4-4a49-a4e2-85f94faec34e/tasks, query: {}, body: {"title":"Task #2","order":2,"description":"Lorem ipsum","boardId":"e5aa9156-c4b4-4a49-a4e2-85f94faec34e","userId":null,"columnId":null}}"
"{url: /boards/e5aa9156-c4b4-4a49-a4e2-85f94faec34e/tasks, query: {}, body: {"title":"Task #4","order":4,"description":"Lorem ipsum","boardId":"e5aa9156-c4b4-4a49-a4e2-85f94faec34e","userId":null,"columnId":null}}"
"{url: /boards/e5aa9156-c4b4-4a49-a4e2-85f94faec34e/tasks, query: {}, body: {"title":"Task #5","order":5,"description":"Lorem ipsum","boardId":"e5aa9156-c4b4-4a49-a4e2-85f94faec34e","userId":null,"columnId":null}}"
"{url: /users, query: {}, body: {"name":"TEST_USER","login":"test_user","password":"T35t_P@55w0rd"}}"
"{url: /boards/9902dc70-04a4-44bf-b259-9ac9c4b5720c, query: {}, body: {}}"
"{url: /boards/e5aa9156-c4b4-4a49-a4e2-85f94faec34e/tasks/2b07560a-a599-4c91-9edd-d35e1afe4234, query: {}, body: {}}"
"{url: /users/a079c832-1c9f-4364-8c5d-3b747964c48f, query: {}, body: {"name":"Autotest updated TEST_USER","login":"test_user","password":"T35t_P@55w0rd","id":"a079c832-1c9f-4364-8c5d-3b747964c48f"}}"
"{url: /boards/e5aa9156-c4b4-4a49-a4e2-85f94faec34e/tasks/1983edaa-d461-4fc3-87bc-15ba34cb0c3c, query: {}, body: {}}"
"{url: /boards/e5aa9156-c4b4-4a49-a4e2-85f94faec34e/tasks/b16e3e81-7040-48c9-b296-7095a43ee1c0, query: {}, body: {}}"
"{url: /boards/e5aa9156-c4b4-4a49-a4e2-85f94faec34e/tasks/925c4b9f-c231-40ae-baea-d17ba05ae1c0, query: {}, body: {}}"
"{url: /boards/e5aa9156-c4b4-4a49-a4e2-85f94faec34e/tasks/6a90d76c-9ea6-478d-b2d5-c7b2c92e22bc, query: {}, body: {}}"
"{url: /users/a079c832-1c9f-4364-8c5d-3b747964c48f, query: {}, body: {}}"
"{url: /users/a079c832-1c9f-4364-8c5d-3b747964c48f, query: {}, body: {}}"
"{url: /users, query: {}, body: {"name":"TEST_USER","login":"test_user","password":"T35t_P@55w0rd"}}"
"{url: /users/ed2cf2a5-9ff4-43dd-a83d-87b6101d8b2a, query: {}, body: {}}"
"{url: /users, query: {}, body: {"name":"TEST_USER","login":"test_user","password":"T35t_P@55w0rd"}}"
"{url: /boards, query: {}, body: {}}"
"{url: /users, query: {}, body: {}}"
"{url: /users, query: {}, body: {}}"
"{url: /users/96250230-5a0e-4f60-9121-2b5826279b04, query: {}, body: {}}"
"{url: /users, query: {}, body: {"name":"TEST_USER","login":"test_user","password":"T35t_P@55w0rd"}}"
"{url: /users, query: {}, body: {"name":"TEST_USER","login":"test_user","password":"T35t_P@55w0rd"}}"
"{url: /boards, query: {}, body: {"title":"Autotest board","columns":[{"title":"Backlog","order":1},{"title":"Sprint","order":2}]}}"
"{url: /users/9849eeda-8878-426a-9ce3-ad507fd57a9e, query: {}, body: {"name":"Autotest updated TEST_USER","login":"test_user","password":"T35t_P@55w0rd","id":"9849eeda-8878-426a-9ce3-ad507fd57a9e"}}"
"{url: /users/9849eeda-8878-426a-9ce3-ad507fd57a9e, query: {}, body: {}}"
"{url: /users/9849eeda-8878-426a-9ce3-ad507fd57a9e, query: {}, body: {}}"
"{url: /users, query: {}, body: {"name":"TEST_USER","login":"test_user","password":"T35t_P@55w0rd"}}"
"{url: /boards/9e8e6e86-17c8-4f0e-99ea-17aa15367a35/tasks, query: {}, body: {"title":"Autotest task","order":0,"description":"Lorem ipsum","userId":null,"boardId":null,"columnId":null}}"
"{url: /boards, query: {}, body: {"title":"Autotest board","columns":[{"title":"Backlog","order":1},{"title":"Sprint","order":2}]}}"
"{url: /users/cc2892f4-cc3c-45db-a40b-e9802c143e6f, query: {}, body: {}}"
"{url: /boards/9e8e6e86-17c8-4f0e-99ea-17aa15367a35/tasks, query: {}, body: {}}"
"{url: /users, query: {}, body: {"name":"TEST_USER","login":"test_user","password":"T35t_P@55w0rd"}}"
"{url: /boards, query: {}, body: {}}"
"{url: /boards, query: {}, body: {}}"
"{url: /boards/9e8e6e86-17c8-4f0e-99ea-17aa15367a35/tasks, query: {}, body: {}}"
"{url: /boards/null/tasks/aa75eb81-a342-4397-a663-42a25557acad, query: {}, body: {}}"
"{url: /boards, query: {}, body: {}}"
"{url: /boards/9e8e6e86-17c8-4f0e-99ea-17aa15367a35/tasks, query: {}, body: {"title":"Autotest task","order":0,"description":"Lorem ipsum","userId":null,"boardId":null,"columnId":null}}"
"{url: /boards/9377e5d4-25fd-4a39-90e6-bea3b781e6d3, query: {}, body: {}}"
"{url: /boards, query: {}, body: {"title":"Autotest board","columns":[{"title":"Backlog","order":1},{"title":"Sprint","order":2}]}}"
"{url: /boards, query: {}, body: {"title":"Autotest board","columns":[{"title":"Backlog","order":1},{"title":"Sprint","order":2}]}}"
"{url: /boards/9e8e6e86-17c8-4f0e-99ea-17aa15367a35/tasks, query: {}, body: {"title":"Autotest task","order":0,"description":"Lorem ipsum","userId":null,"boardId":null,"columnId":null}}"
"{url: /boards/4ebaed1b-e292-4d3d-8423-a7c1ffd52140, query: {}, body: {"id":"4ebaed1b-e292-4d3d-8423-a7c1ffd52140","title":"Autotest updated board","columns":[{"title":"Backlog","order":1},{"title":"Sprint","order":2}]}}"
"{url: /boards/null/tasks/d9d1151f-bdba-4437-91af-7115757f002b, query: {}, body: {"id":"d9d1151f-bdba-4437-91af-7115757f002b","title":"Autotest updated task","order":0,"description":"Lorem ipsum","userId":null,"boardId":null,"columnId":null}}"
"{url: /boards/4ebaed1b-e292-4d3d-8423-a7c1ffd52140, query: {}, body: {}}"
"{url: /boards/null/tasks/d9d1151f-bdba-4437-91af-7115757f002b, query: {}, body: {}}"
"{url: /boards/4ebaed1b-e292-4d3d-8423-a7c1ffd52140, query: {}, body: {}}"
"{url: /boards/9e8e6e86-17c8-4f0e-99ea-17aa15367a35/tasks/aa75eb81-a342-4397-a663-42a25557acad, query: {}, body: {}}"
"{url: /boards, query: {}, body: {}}"
"{url: /boards/9377e5d4-25fd-4a39-90e6-bea3b781e6d3, query: {}, body: {}}"
"{url: /boards/9e8e6e86-17c8-4f0e-99ea-17aa15367a35, query: {}, body: {}}"
"{url: /boards/9377e5d4-25fd-4a39-90e6-bea3b781e6d3, query: {}, body: {}}"
"{url: /boards, query: {}, body: {"title":"Autotest board","columns":[{"title":"Backlog","order":1},{"title":"Sprint","order":2}]}}"
"{url: /boards/c1708938-99bb-452b-8f27-71de5b51d164/tasks, query: {}, body: {"title":"Task #1","order":1,"description":"Lorem ipsum","boardId":"c1708938-99bb-452b-8f27-71de5b51d164","userId":null,"columnId":null}}"
"{url: /boards/c1708938-99bb-452b-8f27-71de5b51d164/tasks, query: {}, body: {"title":"Task #2","order":2,"description":"Lorem ipsum","boardId":"c1708938-99bb-452b-8f27-71de5b51d164","userId":null,"columnId":null}}"
"{url: /boards/c1708938-99bb-452b-8f27-71de5b51d164/tasks, query: {}, body: {"title":"Task #3","order":3,"description":"Lorem ipsum","boardId":"c1708938-99bb-452b-8f27-71de5b51d164","userId":null,"columnId":null}}"
"{url: /boards/c1708938-99bb-452b-8f27-71de5b51d164/tasks, query: {}, body: {"title":"Task #4","order":4,"description":"Lorem ipsum","boardId":"c1708938-99bb-452b-8f27-71de5b51d164","userId":null,"columnId":null}}"
"{url: /boards/c1708938-99bb-452b-8f27-71de5b51d164/tasks, query: {}, body: {"title":"Task #5","order":5,"description":"Lorem ipsum","boardId":"c1708938-99bb-452b-8f27-71de5b51d164","userId":null,"columnId":null}}"
"{url: /boards/c1708938-99bb-452b-8f27-71de5b51d164/tasks/969a5a78-3eb1-4b65-8f60-6aa8c853e0b8, query: {}, body: {}}"
"{url: /boards/c1708938-99bb-452b-8f27-71de5b51d164/tasks/a90a9ce9-1879-4cb5-b5e8-cc266892d527, query: {}, body: {}}"
"{url: /boards/c1708938-99bb-452b-8f27-71de5b51d164/tasks/94884861-250b-48cd-86a1-5b6017275a96, query: {}, body: {}}"
"{url: /boards/c1708938-99bb-452b-8f27-71de5b51d164/tasks/e6300b7c-ba47-4aa2-bb24-9ec44b4d8c0b, query: {}, body: {}}"
"{url: /boards/c1708938-99bb-452b-8f27-71de5b51d164/tasks/1984f762-7257-4f9e-bff1-30a64f869a3b, query: {}, body: {}}"
"{url: /boards/c1708938-99bb-452b-8f27-71de5b51d164, query: {}, body: {}}"
"{url: /boards/c1708938-99bb-452b-8f27-71de5b51d164/tasks/969a5a78-3eb1-4b65-8f60-6aa8c853e0b8, query: {}, body: {}}"
"{url: /boards/c1708938-99bb-452b-8f27-71de5b51d164/tasks/94884861-250b-48cd-86a1-5b6017275a96, query: {}, body: {}}"
"{url: /boards/c1708938-99bb-452b-8f27-71de5b51d164/tasks/a90a9ce9-1879-4cb5-b5e8-cc266892d527, query: {}, body: {}}"
"{url: /boards/c1708938-99bb-452b-8f27-71de5b51d164/tasks/e6300b7c-ba47-4aa2-bb24-9ec44b4d8c0b, query: {}, body: {}}"
"{url: /boards/c1708938-99bb-452b-8f27-71de5b51d164/tasks/1984f762-7257-4f9e-bff1-30a64f869a3b, query: {}, body: {}}"
